<?xml version="1.0" encoding="UTF-8"?>
<!-- Generated by org.testng.reporters.JUnitXMLReporter -->
<testsuite ignored="0" hostname="AVRAUH019L" failures="0" tests="6" name="Default test" time="61.456" errors="0" timestamp="2021-10-30T23:59:33 GST">
  <testcase classname="com.qa.testcases.AddRemoveProductTest" name="compareproductnameproductlistandproductdetails" time="9.232"/>
  <testcase classname="com.qa.testcases.AddRemoveProductTest" name="compareproductpriceproductlistandproductdetails" time="4.259"/>
  <testcase classname="com.qa.testcases.AddRemoveProductTest" name="productdetailsincreaseproductqty" time="12.635"/>
  <testcase classname="com.qa.testcases.AddRemoveProductTest" name="verifyhomescreencartbuttonquantity" time="5.169"/>
  <testcase classname="com.qa.testcases.AddRemoveProductTest" name="verifynavigationtocheckout" time="5.056"/>
  <testcase classname="com.qa.testcases.AddRemoveProductTest" name="verifyremoveproductfrombasket" time="7.483"/>
</testsuite> <!-- Default test -->
