<?xml version="1.0" encoding="UTF-8"?>
<!-- Generated by org.testng.reporters.JUnitXMLReporter -->
<testsuite ignored="0" hostname="AVRAUH019L" failures="0" tests="6" name="IKEA AddRemoveProductTest Test" time="63.31" errors="0" timestamp="2021-10-31T00:20:44 GST">
  <testcase classname="com.qa.testcases.AddRemoveProductTest" name="compareproductnameproductlistandproductdetails" time="9.077"/>
  <testcase classname="com.qa.testcases.AddRemoveProductTest" name="compareproductpriceproductlistandproductdetails" time="4.369"/>
  <testcase classname="com.qa.testcases.AddRemoveProductTest" name="productdetailsincreaseproductqty" time="12.554"/>
  <testcase classname="com.qa.testcases.AddRemoveProductTest" name="verifyhomescreencartbuttonquantity" time="5.132"/>
  <testcase classname="com.qa.testcases.AddRemoveProductTest" name="verifynavigationtocheckout" time="5.537"/>
  <testcase classname="com.qa.testcases.AddRemoveProductTest" name="verifyremoveproductfrombasket" time="7.561"/>
</testsuite> <!-- IKEA AddRemoveProductTest Test -->
